[2024-06-13T04:47:18.580+0000] {taskinstance.py:1083} INFO - Dependencies all met for <TaskInstance: tourism_data_pipeline.load_to_redshift scheduled__2023-12-31T15:00:00+00:00 [queued]>
[2024-06-13T04:47:18.627+0000] {taskinstance.py:1083} INFO - Dependencies all met for <TaskInstance: tourism_data_pipeline.load_to_redshift scheduled__2023-12-31T15:00:00+00:00 [queued]>
[2024-06-13T04:47:18.628+0000] {taskinstance.py:1279} INFO - 
--------------------------------------------------------------------------------
[2024-06-13T04:47:18.628+0000] {taskinstance.py:1280} INFO - Starting attempt 1 of 1
[2024-06-13T04:47:18.628+0000] {taskinstance.py:1281} INFO - 
--------------------------------------------------------------------------------
[2024-06-13T04:47:18.671+0000] {taskinstance.py:1300} INFO - Executing <Task(PythonOperator): load_to_redshift> on 2023-12-31 15:00:00+00:00
[2024-06-13T04:47:18.692+0000] {standard_task_runner.py:55} INFO - Started process 295 to run task
[2024-06-13T04:47:18.716+0000] {standard_task_runner.py:82} INFO - Running: ['***', 'tasks', 'run', 'tourism_data_pipeline', 'load_to_redshift', 'scheduled__2023-12-31T15:00:00+00:00', '--job-id', '7', '--raw', '--subdir', 'DAGS_FOLDER/scraping-tourism-API.py', '--cfg-path', '/tmp/tmp58kjwo70']
[2024-06-13T04:47:18.727+0000] {standard_task_runner.py:83} INFO - Job 7: Subtask load_to_redshift
[2024-06-13T04:47:19.876+0000] {task_command.py:388} INFO - Running <TaskInstance: tourism_data_pipeline.load_to_redshift scheduled__2023-12-31T15:00:00+00:00 [running]> on host 557189db82cf
[2024-06-13T04:47:20.036+0000] {taskinstance.py:1507} INFO - Exporting the following env vars:
AIRFLOW_CTX_DAG_OWNER=sangmin
AIRFLOW_CTX_DAG_ID=tourism_data_pipeline
AIRFLOW_CTX_TASK_ID=load_to_redshift
AIRFLOW_CTX_EXECUTION_DATE=2023-12-31T15:00:00+00:00
AIRFLOW_CTX_TRY_NUMBER=1
AIRFLOW_CTX_DAG_RUN_ID=scheduled__2023-12-31T15:00:00+00:00
[2024-06-13T04:47:20.075+0000] {base.py:73} INFO - Using connection ID 'dev-3-2-bucket' for task execution.
[2024-06-13T04:47:20.088+0000] {base.py:73} INFO - Using connection ID 'dev-3-2-bucket' for task execution.
[2024-06-13T04:47:20.089+0000] {connection_wrapper.py:334} INFO - AWS Connection (conn_id='dev-3-2-bucket', conn_type='aws') credentials retrieved from login and password.
[2024-06-13T04:47:20.152+0000] {s3_to_redshift.py:164} INFO - Executing COPY command...
[2024-06-13T04:47:20.167+0000] {base.py:73} INFO - Using connection ID 'redshift_dev_db' for task execution.
[2024-06-13T04:47:20.896+0000] {sql.py:375} INFO - Running statement: BEGIN;, parameters: None
[2024-06-13T04:47:20.904+0000] {sql.py:375} INFO - Running statement: DELETE FROM wnsldjqja.test_tourism;, parameters: None
[2024-06-13T04:47:20.963+0000] {sql.py:384} INFO - Rows affected: 753
[2024-06-13T04:47:20.963+0000] {sql.py:375} INFO - Running statement: 
                    COPY wnsldjqja.test_tourism 
                    FROM 's3://dev-3-2-bucket/test.csv'
                    credentials
                    'aws_access_key_id=AKIA6GBMCOPWIPNJEAXK;aws_secret_access_key=***'
                    csv
			IGNOREHEADER 1
			DATEFORMAT 'YYYYMMDD'
			FILLRECORD;
        , parameters: None
[2024-06-13T04:47:40.518+0000] {sql.py:375} INFO - Running statement: COMMIT, parameters: None
[2024-06-13T04:47:40.578+0000] {s3_to_redshift.py:166} INFO - COPY command complete...
[2024-06-13T04:47:40.579+0000] {python.py:177} INFO - Done. Returned value was: None
[2024-06-13T04:47:40.606+0000] {taskinstance.py:1318} INFO - Marking task as SUCCESS. dag_id=tourism_data_pipeline, task_id=load_to_redshift, execution_date=20231231T150000, start_date=20240613T044718, end_date=20240613T044740
[2024-06-13T04:47:40.607+0000] {warnings.py:109} WARNING - /home/***/.local/lib/python3.8/site-packages/***/utils/context.py:205: AirflowContextDeprecationWarning: Accessing 'execution_date' from the template is deprecated and will be removed in a future version. Please use 'data_interval_start' or 'logical_date' instead.
  warnings.warn(_create_deprecation_warning(key, self._deprecation_replacements[key]))

[2024-06-13T04:47:41.006+0000] {local_task_job.py:208} INFO - Task exited with return code 0
[2024-06-13T04:47:41.029+0000] {taskinstance.py:2578} INFO - 0 downstream tasks scheduled from follow-on schedule check
