[2024-06-13T04:47:09.716+0000] {taskinstance.py:1083} INFO - Dependencies all met for <TaskInstance: tourism_data_pipeline.concat_data scheduled__2023-12-31T15:00:00+00:00 [queued]>
[2024-06-13T04:47:09.732+0000] {taskinstance.py:1083} INFO - Dependencies all met for <TaskInstance: tourism_data_pipeline.concat_data scheduled__2023-12-31T15:00:00+00:00 [queued]>
[2024-06-13T04:47:09.732+0000] {taskinstance.py:1279} INFO - 
--------------------------------------------------------------------------------
[2024-06-13T04:47:09.732+0000] {taskinstance.py:1280} INFO - Starting attempt 1 of 1
[2024-06-13T04:47:09.733+0000] {taskinstance.py:1281} INFO - 
--------------------------------------------------------------------------------
[2024-06-13T04:47:09.748+0000] {taskinstance.py:1300} INFO - Executing <Task(PythonOperator): concat_data> on 2023-12-31 15:00:00+00:00
[2024-06-13T04:47:09.759+0000] {standard_task_runner.py:55} INFO - Started process 280 to run task
[2024-06-13T04:47:09.765+0000] {standard_task_runner.py:82} INFO - Running: ['***', 'tasks', 'run', 'tourism_data_pipeline', 'concat_data', 'scheduled__2023-12-31T15:00:00+00:00', '--job-id', '5', '--raw', '--subdir', 'DAGS_FOLDER/scraping-tourism-API.py', '--cfg-path', '/tmp/tmpdywma1dl']
[2024-06-13T04:47:09.768+0000] {standard_task_runner.py:83} INFO - Job 5: Subtask concat_data
[2024-06-13T04:47:10.095+0000] {task_command.py:388} INFO - Running <TaskInstance: tourism_data_pipeline.concat_data scheduled__2023-12-31T15:00:00+00:00 [running]> on host 557189db82cf
[2024-06-13T04:47:10.222+0000] {taskinstance.py:1507} INFO - Exporting the following env vars:
AIRFLOW_CTX_DAG_OWNER=sangmin
AIRFLOW_CTX_DAG_ID=tourism_data_pipeline
AIRFLOW_CTX_TASK_ID=concat_data
AIRFLOW_CTX_EXECUTION_DATE=2023-12-31T15:00:00+00:00
AIRFLOW_CTX_TRY_NUMBER=1
AIRFLOW_CTX_DAG_RUN_ID=scheduled__2023-12-31T15:00:00+00:00
[2024-06-13T04:47:10.225+0000] {logging_mixin.py:137} INFO - Concat csv file in S3 with API Data
[2024-06-13T04:47:10.318+0000] {logging_mixin.py:137} INFO - Done
[2024-06-13T04:47:10.343+0000] {python.py:177} INFO - Done. Returned value was: None
[2024-06-13T04:47:10.354+0000] {taskinstance.py:1318} INFO - Marking task as SUCCESS. dag_id=tourism_data_pipeline, task_id=concat_data, execution_date=20231231T150000, start_date=20240613T044709, end_date=20240613T044710
[2024-06-13T04:47:10.422+0000] {local_task_job.py:208} INFO - Task exited with return code 0
[2024-06-13T04:47:10.454+0000] {taskinstance.py:2578} INFO - 1 downstream tasks scheduled from follow-on schedule check
