[2024-06-13T05:09:46.689+0000] {taskinstance.py:1073} INFO - Dependencies not met for <TaskInstance: tourism_data_pipeline.get_data_from_API manual__2024-01-01T00:00:00+09:00 [success]>, dependency 'Task Instance State' FAILED: Task is in the 'success' state.
[2024-06-13T05:09:46.741+0000] {local_task_job.py:147} INFO - Task is not able to be run
[2024-06-13T05:17:28.681+0000] {taskinstance.py:1083} INFO - Dependencies all met for <TaskInstance: tourism_data_pipeline.get_data_from_API manual__2024-01-01T00:00:00+09:00 [queued]>
[2024-06-13T05:17:28.702+0000] {taskinstance.py:1083} INFO - Dependencies all met for <TaskInstance: tourism_data_pipeline.get_data_from_API manual__2024-01-01T00:00:00+09:00 [queued]>
[2024-06-13T05:17:28.702+0000] {taskinstance.py:1279} INFO - 
--------------------------------------------------------------------------------
[2024-06-13T05:17:28.703+0000] {taskinstance.py:1280} INFO - Starting attempt 1 of 1
[2024-06-13T05:17:28.703+0000] {taskinstance.py:1281} INFO - 
--------------------------------------------------------------------------------
[2024-06-13T05:17:28.719+0000] {taskinstance.py:1300} INFO - Executing <Task(PythonOperator): get_data_from_API> on 2023-12-31 15:00:00+00:00
[2024-06-13T05:17:28.729+0000] {standard_task_runner.py:55} INFO - Started process 1406 to run task
[2024-06-13T05:17:28.736+0000] {standard_task_runner.py:82} INFO - Running: ['***', 'tasks', 'run', 'tourism_data_pipeline', 'get_data_from_API', 'manual__2024-01-01T00:00:00+09:00', '--job-id', '15', '--raw', '--subdir', 'DAGS_FOLDER/scraping-tourism-API.py', '--cfg-path', '/tmp/tmpfon8bdiw']
[2024-06-13T05:17:28.740+0000] {standard_task_runner.py:83} INFO - Job 15: Subtask get_data_from_API
[2024-06-13T05:17:29.119+0000] {task_command.py:388} INFO - Running <TaskInstance: tourism_data_pipeline.get_data_from_API manual__2024-01-01T00:00:00+09:00 [running]> on host 557189db82cf
[2024-06-13T05:17:29.211+0000] {taskinstance.py:1507} INFO - Exporting the following env vars:
AIRFLOW_CTX_DAG_OWNER=sangmin
AIRFLOW_CTX_DAG_ID=tourism_data_pipeline
AIRFLOW_CTX_TASK_ID=get_data_from_API
AIRFLOW_CTX_EXECUTION_DATE=2023-12-31T15:00:00+00:00
AIRFLOW_CTX_TRY_NUMBER=1
AIRFLOW_CTX_DAG_RUN_ID=manual__2024-01-01T00:00:00+09:00
[2024-06-13T05:17:29.217+0000] {warnings.py:109} WARNING - /home/***/.local/lib/python3.8/site-packages/***/utils/context.py:313: AirflowContextDeprecationWarning: Accessing 'execution_date' from the template is deprecated and will be removed in a future version. Please use 'data_interval_start' or 'logical_date' instead.
  warnings.warn(_create_deprecation_warning(k, replacements))

[2024-06-13T05:17:30.348+0000] {logging_mixin.py:137} INFO - Scraping 1 page from API
[2024-06-13T05:17:30.354+0000] {logging_mixin.py:137} INFO - Done
[2024-06-13T05:17:31.122+0000] {logging_mixin.py:137} INFO - Done Scraping
[2024-06-13T05:17:31.196+0000] {python.py:177} INFO - Done. Returned value was: None
[2024-06-13T05:17:31.213+0000] {taskinstance.py:1318} INFO - Marking task as SUCCESS. dag_id=tourism_data_pipeline, task_id=get_data_from_API, execution_date=20231231T150000, start_date=20240613T051728, end_date=20240613T051731
[2024-06-13T05:17:31.291+0000] {local_task_job.py:208} INFO - Task exited with return code 0
[2024-06-13T05:17:31.364+0000] {taskinstance.py:2578} INFO - 0 downstream tasks scheduled from follow-on schedule check
[2024-06-13T05:38:02.055+0000] {taskinstance.py:1073} INFO - Dependencies not met for <TaskInstance: tourism_data_pipeline.get_data_from_API manual__2024-01-01T00:00:00+09:00 [success]>, dependency 'Task Instance State' FAILED: Task is in the 'success' state.
[2024-06-13T05:38:02.082+0000] {local_task_job.py:147} INFO - Task is not able to be run
