[2024-06-11T07:19:06.846+0000] {processor.py:153} INFO - Started process (PID=34) to work on /opt/airflow/dags/HelloWorld.py
[2024-06-11T07:19:06.846+0000] {processor.py:743} INFO - Processing file /opt/airflow/dags/HelloWorld.py for tasks to queue
[2024-06-11T07:19:06.847+0000] {logging_mixin.py:137} INFO - [2024-06-11T07:19:06.847+0000] {dagbag.py:538} INFO - Filling up the DagBag from /opt/airflow/dags/HelloWorld.py
[2024-06-11T07:19:06.876+0000] {processor.py:753} INFO - DAG(s) dict_keys(['HelloWorld']) retrieved from /opt/airflow/dags/HelloWorld.py
[2024-06-11T07:19:07.017+0000] {logging_mixin.py:137} INFO - [2024-06-11T07:19:07.017+0000] {manager.py:504} INFO - Created Permission View: can delete on DAG:HelloWorld
[2024-06-11T07:19:07.027+0000] {logging_mixin.py:137} INFO - [2024-06-11T07:19:07.026+0000] {manager.py:504} INFO - Created Permission View: can edit on DAG:HelloWorld
[2024-06-11T07:19:07.035+0000] {logging_mixin.py:137} INFO - [2024-06-11T07:19:07.034+0000] {manager.py:504} INFO - Created Permission View: can read on DAG:HelloWorld
[2024-06-11T07:19:07.035+0000] {logging_mixin.py:137} INFO - [2024-06-11T07:19:07.035+0000] {dag.py:2690} INFO - Sync 1 DAGs
[2024-06-11T07:19:07.049+0000] {logging_mixin.py:137} INFO - [2024-06-11T07:19:07.049+0000] {dag.py:2711} INFO - Creating ORM DAG for HelloWorld
[2024-06-11T07:19:07.060+0000] {logging_mixin.py:137} INFO - [2024-06-11T07:19:07.060+0000] {dag.py:3437} INFO - Setting next_dagrun for HelloWorld to 2024-06-09T17:00:00+00:00, run_after=2024-06-10T17:00:00+00:00
[2024-06-11T07:19:07.081+0000] {processor.py:175} INFO - Processing /opt/airflow/dags/HelloWorld.py took 0.241 seconds
[2024-06-11T07:19:37.279+0000] {processor.py:153} INFO - Started process (PID=81) to work on /opt/airflow/dags/HelloWorld.py
[2024-06-11T07:19:37.281+0000] {processor.py:743} INFO - Processing file /opt/airflow/dags/HelloWorld.py for tasks to queue
[2024-06-11T07:19:37.282+0000] {logging_mixin.py:137} INFO - [2024-06-11T07:19:37.282+0000] {dagbag.py:538} INFO - Filling up the DagBag from /opt/airflow/dags/HelloWorld.py
[2024-06-11T07:19:37.298+0000] {processor.py:753} INFO - DAG(s) dict_keys(['HelloWorld']) retrieved from /opt/airflow/dags/HelloWorld.py
[2024-06-11T07:19:37.325+0000] {logging_mixin.py:137} INFO - [2024-06-11T07:19:37.325+0000] {dag.py:2690} INFO - Sync 1 DAGs
[2024-06-11T07:19:37.345+0000] {logging_mixin.py:137} INFO - [2024-06-11T07:19:37.345+0000] {dag.py:3437} INFO - Setting next_dagrun for HelloWorld to 2024-06-09T17:00:00+00:00, run_after=2024-06-10T17:00:00+00:00
[2024-06-11T07:19:37.367+0000] {processor.py:175} INFO - Processing /opt/airflow/dags/HelloWorld.py took 0.091 seconds
[2024-06-11T07:20:07.483+0000] {processor.py:153} INFO - Started process (PID=113) to work on /opt/airflow/dags/HelloWorld.py
[2024-06-11T07:20:07.484+0000] {processor.py:743} INFO - Processing file /opt/airflow/dags/HelloWorld.py for tasks to queue
[2024-06-11T07:20:07.484+0000] {logging_mixin.py:137} INFO - [2024-06-11T07:20:07.484+0000] {dagbag.py:538} INFO - Filling up the DagBag from /opt/airflow/dags/HelloWorld.py
[2024-06-11T07:20:07.501+0000] {processor.py:753} INFO - DAG(s) dict_keys(['HelloWorld']) retrieved from /opt/airflow/dags/HelloWorld.py
[2024-06-11T07:20:07.528+0000] {logging_mixin.py:137} INFO - [2024-06-11T07:20:07.528+0000] {dag.py:2690} INFO - Sync 1 DAGs
[2024-06-11T07:20:07.549+0000] {logging_mixin.py:137} INFO - [2024-06-11T07:20:07.549+0000] {dag.py:3437} INFO - Setting next_dagrun for HelloWorld to 2024-06-09T17:00:00+00:00, run_after=2024-06-10T17:00:00+00:00
[2024-06-11T07:20:07.574+0000] {processor.py:175} INFO - Processing /opt/airflow/dags/HelloWorld.py took 0.094 seconds
[2024-06-11T07:20:37.702+0000] {processor.py:153} INFO - Started process (PID=159) to work on /opt/airflow/dags/HelloWorld.py
[2024-06-11T07:20:37.708+0000] {processor.py:743} INFO - Processing file /opt/airflow/dags/HelloWorld.py for tasks to queue
[2024-06-11T07:20:37.709+0000] {logging_mixin.py:137} INFO - [2024-06-11T07:20:37.709+0000] {dagbag.py:538} INFO - Filling up the DagBag from /opt/airflow/dags/HelloWorld.py
[2024-06-11T07:20:37.742+0000] {processor.py:753} INFO - DAG(s) dict_keys(['HelloWorld']) retrieved from /opt/airflow/dags/HelloWorld.py
[2024-06-11T07:20:37.790+0000] {logging_mixin.py:137} INFO - [2024-06-11T07:20:37.789+0000] {dag.py:2690} INFO - Sync 1 DAGs
[2024-06-11T07:20:37.834+0000] {logging_mixin.py:137} INFO - [2024-06-11T07:20:37.833+0000] {dag.py:3437} INFO - Setting next_dagrun for HelloWorld to 2024-06-09T17:00:00+00:00, run_after=2024-06-10T17:00:00+00:00
[2024-06-11T07:20:37.863+0000] {processor.py:175} INFO - Processing /opt/airflow/dags/HelloWorld.py took 0.168 seconds
[2024-06-11T07:21:08.045+0000] {processor.py:153} INFO - Started process (PID=191) to work on /opt/airflow/dags/HelloWorld.py
[2024-06-11T07:21:08.047+0000] {processor.py:743} INFO - Processing file /opt/airflow/dags/HelloWorld.py for tasks to queue
[2024-06-11T07:21:08.047+0000] {logging_mixin.py:137} INFO - [2024-06-11T07:21:08.047+0000] {dagbag.py:538} INFO - Filling up the DagBag from /opt/airflow/dags/HelloWorld.py
[2024-06-11T07:21:08.069+0000] {processor.py:753} INFO - DAG(s) dict_keys(['HelloWorld']) retrieved from /opt/airflow/dags/HelloWorld.py
[2024-06-11T07:21:08.094+0000] {logging_mixin.py:137} INFO - [2024-06-11T07:21:08.094+0000] {dag.py:2690} INFO - Sync 1 DAGs
[2024-06-11T07:21:08.118+0000] {logging_mixin.py:137} INFO - [2024-06-11T07:21:08.118+0000] {dag.py:3437} INFO - Setting next_dagrun for HelloWorld to 2024-06-09T17:00:00+00:00, run_after=2024-06-10T17:00:00+00:00
[2024-06-11T07:21:08.135+0000] {processor.py:175} INFO - Processing /opt/airflow/dags/HelloWorld.py took 0.094 seconds
[2024-06-11T07:21:38.212+0000] {processor.py:153} INFO - Started process (PID=223) to work on /opt/airflow/dags/HelloWorld.py
[2024-06-11T07:21:38.213+0000] {processor.py:743} INFO - Processing file /opt/airflow/dags/HelloWorld.py for tasks to queue
[2024-06-11T07:21:38.213+0000] {logging_mixin.py:137} INFO - [2024-06-11T07:21:38.213+0000] {dagbag.py:538} INFO - Filling up the DagBag from /opt/airflow/dags/HelloWorld.py
[2024-06-11T07:21:38.230+0000] {processor.py:753} INFO - DAG(s) dict_keys(['HelloWorld']) retrieved from /opt/airflow/dags/HelloWorld.py
[2024-06-11T07:21:38.261+0000] {logging_mixin.py:137} INFO - [2024-06-11T07:21:38.261+0000] {dag.py:2690} INFO - Sync 1 DAGs
[2024-06-11T07:21:38.283+0000] {logging_mixin.py:137} INFO - [2024-06-11T07:21:38.283+0000] {dag.py:3437} INFO - Setting next_dagrun for HelloWorld to 2024-06-09T17:00:00+00:00, run_after=2024-06-10T17:00:00+00:00
[2024-06-11T07:21:38.305+0000] {processor.py:175} INFO - Processing /opt/airflow/dags/HelloWorld.py took 0.098 seconds
[2024-06-11T07:22:08.442+0000] {processor.py:153} INFO - Started process (PID=273) to work on /opt/airflow/dags/HelloWorld.py
[2024-06-11T07:22:08.443+0000] {processor.py:743} INFO - Processing file /opt/airflow/dags/HelloWorld.py for tasks to queue
[2024-06-11T07:22:08.444+0000] {logging_mixin.py:137} INFO - [2024-06-11T07:22:08.443+0000] {dagbag.py:538} INFO - Filling up the DagBag from /opt/airflow/dags/HelloWorld.py
[2024-06-11T07:22:08.462+0000] {processor.py:753} INFO - DAG(s) dict_keys(['HelloWorld']) retrieved from /opt/airflow/dags/HelloWorld.py
[2024-06-11T07:22:08.492+0000] {logging_mixin.py:137} INFO - [2024-06-11T07:22:08.492+0000] {dag.py:2690} INFO - Sync 1 DAGs
[2024-06-11T07:22:08.520+0000] {logging_mixin.py:137} INFO - [2024-06-11T07:22:08.520+0000] {dag.py:3437} INFO - Setting next_dagrun for HelloWorld to 2024-06-09T17:00:00+00:00, run_after=2024-06-10T17:00:00+00:00
[2024-06-11T07:22:08.543+0000] {processor.py:175} INFO - Processing /opt/airflow/dags/HelloWorld.py took 0.106 seconds
[2024-06-11T07:22:38.610+0000] {processor.py:153} INFO - Started process (PID=305) to work on /opt/airflow/dags/HelloWorld.py
[2024-06-11T07:22:38.612+0000] {processor.py:743} INFO - Processing file /opt/airflow/dags/HelloWorld.py for tasks to queue
[2024-06-11T07:22:38.612+0000] {logging_mixin.py:137} INFO - [2024-06-11T07:22:38.612+0000] {dagbag.py:538} INFO - Filling up the DagBag from /opt/airflow/dags/HelloWorld.py
[2024-06-11T07:22:38.628+0000] {processor.py:753} INFO - DAG(s) dict_keys(['HelloWorld']) retrieved from /opt/airflow/dags/HelloWorld.py
[2024-06-11T07:22:38.655+0000] {logging_mixin.py:137} INFO - [2024-06-11T07:22:38.655+0000] {dag.py:2690} INFO - Sync 1 DAGs
[2024-06-11T07:22:38.675+0000] {logging_mixin.py:137} INFO - [2024-06-11T07:22:38.675+0000] {dag.py:3437} INFO - Setting next_dagrun for HelloWorld to 2024-06-09T17:00:00+00:00, run_after=2024-06-10T17:00:00+00:00
[2024-06-11T07:22:38.697+0000] {processor.py:175} INFO - Processing /opt/airflow/dags/HelloWorld.py took 0.091 seconds
[2024-06-11T07:23:08.871+0000] {processor.py:153} INFO - Started process (PID=352) to work on /opt/airflow/dags/HelloWorld.py
[2024-06-11T07:23:08.873+0000] {processor.py:743} INFO - Processing file /opt/airflow/dags/HelloWorld.py for tasks to queue
[2024-06-11T07:23:08.874+0000] {logging_mixin.py:137} INFO - [2024-06-11T07:23:08.874+0000] {dagbag.py:538} INFO - Filling up the DagBag from /opt/airflow/dags/HelloWorld.py
[2024-06-11T07:23:08.897+0000] {processor.py:753} INFO - DAG(s) dict_keys(['HelloWorld']) retrieved from /opt/airflow/dags/HelloWorld.py
[2024-06-11T07:23:08.925+0000] {logging_mixin.py:137} INFO - [2024-06-11T07:23:08.925+0000] {dag.py:2690} INFO - Sync 1 DAGs
[2024-06-11T07:23:08.948+0000] {logging_mixin.py:137} INFO - [2024-06-11T07:23:08.948+0000] {dag.py:3437} INFO - Setting next_dagrun for HelloWorld to 2024-06-09T17:00:00+00:00, run_after=2024-06-10T17:00:00+00:00
[2024-06-11T07:23:08.971+0000] {processor.py:175} INFO - Processing /opt/airflow/dags/HelloWorld.py took 0.104 seconds
[2024-06-11T07:23:59.822+0000] {processor.py:153} INFO - Started process (PID=42) to work on /opt/airflow/dags/HelloWorld.py
[2024-06-11T07:23:59.825+0000] {processor.py:743} INFO - Processing file /opt/airflow/dags/HelloWorld.py for tasks to queue
[2024-06-11T07:23:59.827+0000] {logging_mixin.py:137} INFO - [2024-06-11T07:23:59.827+0000] {dagbag.py:538} INFO - Filling up the DagBag from /opt/airflow/dags/HelloWorld.py
[2024-06-11T07:23:59.912+0000] {processor.py:753} INFO - DAG(s) dict_keys(['HelloWorld']) retrieved from /opt/airflow/dags/HelloWorld.py
[2024-06-11T07:23:59.978+0000] {logging_mixin.py:137} INFO - [2024-06-11T07:23:59.978+0000] {dag.py:2690} INFO - Sync 1 DAGs
[2024-06-11T07:24:00.062+0000] {logging_mixin.py:137} INFO - [2024-06-11T07:24:00.062+0000] {dag.py:3437} INFO - Setting next_dagrun for HelloWorld to 2024-06-09T17:00:00+00:00, run_after=2024-06-10T17:00:00+00:00
[2024-06-11T07:24:00.112+0000] {processor.py:175} INFO - Processing /opt/airflow/dags/HelloWorld.py took 0.298 seconds
[2024-06-11T07:24:30.365+0000] {processor.py:153} INFO - Started process (PID=81) to work on /opt/airflow/dags/HelloWorld.py
[2024-06-11T07:24:30.367+0000] {processor.py:743} INFO - Processing file /opt/airflow/dags/HelloWorld.py for tasks to queue
[2024-06-11T07:24:30.368+0000] {logging_mixin.py:137} INFO - [2024-06-11T07:24:30.368+0000] {dagbag.py:538} INFO - Filling up the DagBag from /opt/airflow/dags/HelloWorld.py
[2024-06-11T07:24:30.393+0000] {processor.py:753} INFO - DAG(s) dict_keys(['HelloWorld']) retrieved from /opt/airflow/dags/HelloWorld.py
[2024-06-11T07:24:30.429+0000] {logging_mixin.py:137} INFO - [2024-06-11T07:24:30.428+0000] {dag.py:2690} INFO - Sync 1 DAGs
[2024-06-11T07:24:30.456+0000] {logging_mixin.py:137} INFO - [2024-06-11T07:24:30.456+0000] {dag.py:3437} INFO - Setting next_dagrun for HelloWorld to 2024-06-09T17:00:00+00:00, run_after=2024-06-10T17:00:00+00:00
[2024-06-11T07:24:30.478+0000] {processor.py:175} INFO - Processing /opt/airflow/dags/HelloWorld.py took 0.120 seconds
[2024-06-11T07:25:00.542+0000] {processor.py:153} INFO - Started process (PID=113) to work on /opt/airflow/dags/HelloWorld.py
[2024-06-11T07:25:00.543+0000] {processor.py:743} INFO - Processing file /opt/airflow/dags/HelloWorld.py for tasks to queue
[2024-06-11T07:25:00.544+0000] {logging_mixin.py:137} INFO - [2024-06-11T07:25:00.544+0000] {dagbag.py:538} INFO - Filling up the DagBag from /opt/airflow/dags/HelloWorld.py
[2024-06-11T07:25:00.560+0000] {processor.py:753} INFO - DAG(s) dict_keys(['HelloWorld']) retrieved from /opt/airflow/dags/HelloWorld.py
[2024-06-11T07:25:00.607+0000] {logging_mixin.py:137} INFO - [2024-06-11T07:25:00.607+0000] {dag.py:2690} INFO - Sync 1 DAGs
[2024-06-11T07:25:00.648+0000] {logging_mixin.py:137} INFO - [2024-06-11T07:25:00.648+0000] {dag.py:3437} INFO - Setting next_dagrun for HelloWorld to 2024-06-09T17:00:00+00:00, run_after=2024-06-10T17:00:00+00:00
[2024-06-11T07:25:00.685+0000] {processor.py:175} INFO - Processing /opt/airflow/dags/HelloWorld.py took 0.146 seconds
[2024-06-11T07:25:30.866+0000] {processor.py:153} INFO - Started process (PID=160) to work on /opt/airflow/dags/HelloWorld.py
[2024-06-11T07:25:30.868+0000] {processor.py:743} INFO - Processing file /opt/airflow/dags/HelloWorld.py for tasks to queue
[2024-06-11T07:25:30.869+0000] {logging_mixin.py:137} INFO - [2024-06-11T07:25:30.868+0000] {dagbag.py:538} INFO - Filling up the DagBag from /opt/airflow/dags/HelloWorld.py
[2024-06-11T07:25:30.889+0000] {processor.py:753} INFO - DAG(s) dict_keys(['HelloWorld']) retrieved from /opt/airflow/dags/HelloWorld.py
[2024-06-11T07:25:30.917+0000] {logging_mixin.py:137} INFO - [2024-06-11T07:25:30.917+0000] {dag.py:2690} INFO - Sync 1 DAGs
[2024-06-11T07:25:30.936+0000] {logging_mixin.py:137} INFO - [2024-06-11T07:25:30.936+0000] {dag.py:3437} INFO - Setting next_dagrun for HelloWorld to 2024-06-09T17:00:00+00:00, run_after=2024-06-10T17:00:00+00:00
[2024-06-11T07:25:30.957+0000] {processor.py:175} INFO - Processing /opt/airflow/dags/HelloWorld.py took 0.094 seconds
[2024-06-11T07:26:01.065+0000] {processor.py:153} INFO - Started process (PID=192) to work on /opt/airflow/dags/HelloWorld.py
[2024-06-11T07:26:01.067+0000] {processor.py:743} INFO - Processing file /opt/airflow/dags/HelloWorld.py for tasks to queue
[2024-06-11T07:26:01.067+0000] {logging_mixin.py:137} INFO - [2024-06-11T07:26:01.067+0000] {dagbag.py:538} INFO - Filling up the DagBag from /opt/airflow/dags/HelloWorld.py
[2024-06-11T07:26:01.083+0000] {processor.py:753} INFO - DAG(s) dict_keys(['HelloWorld']) retrieved from /opt/airflow/dags/HelloWorld.py
[2024-06-11T07:26:01.111+0000] {logging_mixin.py:137} INFO - [2024-06-11T07:26:01.111+0000] {dag.py:2690} INFO - Sync 1 DAGs
[2024-06-11T07:26:01.132+0000] {logging_mixin.py:137} INFO - [2024-06-11T07:26:01.132+0000] {dag.py:3437} INFO - Setting next_dagrun for HelloWorld to 2024-06-09T17:00:00+00:00, run_after=2024-06-10T17:00:00+00:00
[2024-06-11T07:26:01.156+0000] {processor.py:175} INFO - Processing /opt/airflow/dags/HelloWorld.py took 0.094 seconds
[2024-06-11T07:26:31.274+0000] {processor.py:153} INFO - Started process (PID=240) to work on /opt/airflow/dags/HelloWorld.py
[2024-06-11T07:26:31.276+0000] {processor.py:743} INFO - Processing file /opt/airflow/dags/HelloWorld.py for tasks to queue
[2024-06-11T07:26:31.277+0000] {logging_mixin.py:137} INFO - [2024-06-11T07:26:31.276+0000] {dagbag.py:538} INFO - Filling up the DagBag from /opt/airflow/dags/HelloWorld.py
[2024-06-11T07:26:31.293+0000] {processor.py:753} INFO - DAG(s) dict_keys(['HelloWorld']) retrieved from /opt/airflow/dags/HelloWorld.py
[2024-06-11T07:26:31.318+0000] {logging_mixin.py:137} INFO - [2024-06-11T07:26:31.318+0000] {dag.py:2690} INFO - Sync 1 DAGs
[2024-06-11T07:26:31.337+0000] {logging_mixin.py:137} INFO - [2024-06-11T07:26:31.337+0000] {dag.py:3437} INFO - Setting next_dagrun for HelloWorld to 2024-06-09T17:00:00+00:00, run_after=2024-06-10T17:00:00+00:00
[2024-06-11T07:26:31.357+0000] {processor.py:175} INFO - Processing /opt/airflow/dags/HelloWorld.py took 0.086 seconds
[2024-06-11T07:27:01.501+0000] {processor.py:153} INFO - Started process (PID=272) to work on /opt/airflow/dags/HelloWorld.py
[2024-06-11T07:27:01.502+0000] {processor.py:743} INFO - Processing file /opt/airflow/dags/HelloWorld.py for tasks to queue
[2024-06-11T07:27:01.503+0000] {logging_mixin.py:137} INFO - [2024-06-11T07:27:01.502+0000] {dagbag.py:538} INFO - Filling up the DagBag from /opt/airflow/dags/HelloWorld.py
[2024-06-11T07:27:01.518+0000] {processor.py:753} INFO - DAG(s) dict_keys(['HelloWorld']) retrieved from /opt/airflow/dags/HelloWorld.py
[2024-06-11T07:27:01.550+0000] {logging_mixin.py:137} INFO - [2024-06-11T07:27:01.550+0000] {dag.py:2690} INFO - Sync 1 DAGs
[2024-06-11T07:27:01.577+0000] {logging_mixin.py:137} INFO - [2024-06-11T07:27:01.577+0000] {dag.py:3437} INFO - Setting next_dagrun for HelloWorld to 2024-06-09T17:00:00+00:00, run_after=2024-06-10T17:00:00+00:00
[2024-06-11T07:27:01.601+0000] {processor.py:175} INFO - Processing /opt/airflow/dags/HelloWorld.py took 0.105 seconds
