[2024-06-13T06:00:02.661+0000] {taskinstance.py:1083} INFO - Dependencies all met for <TaskInstance: tourism_data_pipeline.get_csv_from_s3 scheduled__2024-06-13T05:50:00+00:00 [queued]>
[2024-06-13T06:00:02.696+0000] {taskinstance.py:1083} INFO - Dependencies all met for <TaskInstance: tourism_data_pipeline.get_csv_from_s3 scheduled__2024-06-13T05:50:00+00:00 [queued]>
[2024-06-13T06:00:02.696+0000] {taskinstance.py:1279} INFO - 
--------------------------------------------------------------------------------
[2024-06-13T06:00:02.696+0000] {taskinstance.py:1280} INFO - Starting attempt 1 of 1
[2024-06-13T06:00:02.696+0000] {taskinstance.py:1281} INFO - 
--------------------------------------------------------------------------------
[2024-06-13T06:00:02.739+0000] {taskinstance.py:1300} INFO - Executing <Task(PythonOperator): get_csv_from_s3> on 2024-06-13 05:50:00+00:00
[2024-06-13T06:00:02.754+0000] {standard_task_runner.py:55} INFO - Started process 3061 to run task
[2024-06-13T06:00:02.761+0000] {standard_task_runner.py:82} INFO - Running: ['***', 'tasks', 'run', 'tourism_data_pipeline', 'get_csv_from_s3', 'scheduled__2024-06-13T05:50:00+00:00', '--job-id', '26', '--raw', '--subdir', 'DAGS_FOLDER/scraping-tourism-API.py', '--cfg-path', '/tmp/tmp12f33dm9']
[2024-06-13T06:00:02.767+0000] {standard_task_runner.py:83} INFO - Job 26: Subtask get_csv_from_s3
[2024-06-13T06:00:03.577+0000] {task_command.py:388} INFO - Running <TaskInstance: tourism_data_pipeline.get_csv_from_s3 scheduled__2024-06-13T05:50:00+00:00 [running]> on host 557189db82cf
[2024-06-13T06:00:03.904+0000] {taskinstance.py:1507} INFO - Exporting the following env vars:
AIRFLOW_CTX_DAG_OWNER=sangmin
AIRFLOW_CTX_DAG_ID=tourism_data_pipeline
AIRFLOW_CTX_TASK_ID=get_csv_from_s3
AIRFLOW_CTX_EXECUTION_DATE=2024-06-13T05:50:00+00:00
AIRFLOW_CTX_TRY_NUMBER=1
AIRFLOW_CTX_DAG_RUN_ID=scheduled__2024-06-13T05:50:00+00:00
[2024-06-13T06:00:03.911+0000] {logging_mixin.py:137} INFO - Connect S3
[2024-06-13T06:00:03.915+0000] {logging_mixin.py:137} INFO - Done
[2024-06-13T06:00:03.915+0000] {logging_mixin.py:137} INFO - Get csv file from S3
[2024-06-13T06:00:03.959+0000] {base.py:73} INFO - Using connection ID 'dev-3-2-bucket' for task execution.
[2024-06-13T06:00:03.960+0000] {connection_wrapper.py:334} INFO - AWS Connection (conn_id='dev-3-2-bucket', conn_type='aws') credentials retrieved from login and password.
[2024-06-13T06:00:04.973+0000] {logging_mixin.py:137} INFO - Done
[2024-06-13T06:00:05.171+0000] {python.py:177} INFO - Done. Returned value was: None
[2024-06-13T06:00:05.235+0000] {taskinstance.py:1318} INFO - Marking task as SUCCESS. dag_id=tourism_data_pipeline, task_id=get_csv_from_s3, execution_date=20240613T055000, start_date=20240613T060002, end_date=20240613T060005
[2024-06-13T06:00:05.403+0000] {local_task_job.py:208} INFO - Task exited with return code 0
[2024-06-13T06:00:05.529+0000] {taskinstance.py:2578} INFO - 0 downstream tasks scheduled from follow-on schedule check
