[2024-06-13T04:49:23.325+0000] {taskinstance.py:1083} INFO - Dependencies all met for <TaskInstance: tourism_data_pipeline.get_csv_from_s3 manual__2024-06-13T04:49:18.382206+00:00 [queued]>
[2024-06-13T04:49:23.419+0000] {taskinstance.py:1083} INFO - Dependencies all met for <TaskInstance: tourism_data_pipeline.get_csv_from_s3 manual__2024-06-13T04:49:18.382206+00:00 [queued]>
[2024-06-13T04:49:23.420+0000] {taskinstance.py:1279} INFO - 
--------------------------------------------------------------------------------
[2024-06-13T04:49:23.420+0000] {taskinstance.py:1280} INFO - Starting attempt 1 of 1
[2024-06-13T04:49:23.420+0000] {taskinstance.py:1281} INFO - 
--------------------------------------------------------------------------------
[2024-06-13T04:49:23.527+0000] {taskinstance.py:1300} INFO - Executing <Task(PythonOperator): get_csv_from_s3> on 2024-06-13 04:49:18.382206+00:00
[2024-06-13T04:49:23.553+0000] {standard_task_runner.py:55} INFO - Started process 376 to run task
[2024-06-13T04:49:23.585+0000] {standard_task_runner.py:82} INFO - Running: ['***', 'tasks', 'run', 'tourism_data_pipeline', 'get_csv_from_s3', 'manual__2024-06-13T04:49:18.382206+00:00', '--job-id', '8', '--raw', '--subdir', 'DAGS_FOLDER/scraping-tourism-API.py', '--cfg-path', '/tmp/tmpaydo7d9v']
[2024-06-13T04:49:23.605+0000] {standard_task_runner.py:83} INFO - Job 8: Subtask get_csv_from_s3
[2024-06-13T04:49:23.999+0000] {task_command.py:388} INFO - Running <TaskInstance: tourism_data_pipeline.get_csv_from_s3 manual__2024-06-13T04:49:18.382206+00:00 [running]> on host 557189db82cf
[2024-06-13T04:49:25.914+0000] {taskinstance.py:1507} INFO - Exporting the following env vars:
AIRFLOW_CTX_DAG_OWNER=sangmin
AIRFLOW_CTX_DAG_ID=tourism_data_pipeline
AIRFLOW_CTX_TASK_ID=get_csv_from_s3
AIRFLOW_CTX_EXECUTION_DATE=2024-06-13T04:49:18.382206+00:00
AIRFLOW_CTX_TRY_NUMBER=1
AIRFLOW_CTX_DAG_RUN_ID=manual__2024-06-13T04:49:18.382206+00:00
[2024-06-13T04:49:25.916+0000] {logging_mixin.py:137} INFO - Connect S3
[2024-06-13T04:49:25.916+0000] {logging_mixin.py:137} INFO - Done
[2024-06-13T04:49:25.916+0000] {logging_mixin.py:137} INFO - Get csv file from S3
[2024-06-13T04:49:25.966+0000] {base.py:73} INFO - Using connection ID 'dev-3-2-bucket' for task execution.
[2024-06-13T04:49:25.978+0000] {connection_wrapper.py:334} INFO - AWS Connection (conn_id='dev-3-2-bucket', conn_type='aws') credentials retrieved from login and password.
[2024-06-13T04:49:26.828+0000] {logging_mixin.py:137} INFO - Create new csv file in s3 because it's not found
[2024-06-13T04:49:26.833+0000] {logging_mixin.py:137} INFO - Done
[2024-06-13T04:49:26.863+0000] {python.py:177} INFO - Done. Returned value was: None
[2024-06-13T04:49:26.886+0000] {taskinstance.py:1318} INFO - Marking task as SUCCESS. dag_id=tourism_data_pipeline, task_id=get_csv_from_s3, execution_date=20240613T044918, start_date=20240613T044923, end_date=20240613T044926
[2024-06-13T04:49:26.969+0000] {local_task_job.py:208} INFO - Task exited with return code 0
[2024-06-13T04:49:27.030+0000] {taskinstance.py:2578} INFO - 0 downstream tasks scheduled from follow-on schedule check
