[2024-06-13T04:47:04.892+0000] {taskinstance.py:1083} INFO - Dependencies all met for <TaskInstance: tourism_data_pipeline.get_data_from_API scheduled__2023-12-31T15:00:00+00:00 [queued]>
[2024-06-13T04:47:04.923+0000] {taskinstance.py:1083} INFO - Dependencies all met for <TaskInstance: tourism_data_pipeline.get_data_from_API scheduled__2023-12-31T15:00:00+00:00 [queued]>
[2024-06-13T04:47:04.924+0000] {taskinstance.py:1279} INFO - 
--------------------------------------------------------------------------------
[2024-06-13T04:47:04.924+0000] {taskinstance.py:1280} INFO - Starting attempt 1 of 1
[2024-06-13T04:47:04.924+0000] {taskinstance.py:1281} INFO - 
--------------------------------------------------------------------------------
[2024-06-13T04:47:04.966+0000] {taskinstance.py:1300} INFO - Executing <Task(PythonOperator): get_data_from_API> on 2023-12-31 15:00:00+00:00
[2024-06-13T04:47:04.983+0000] {standard_task_runner.py:55} INFO - Started process 276 to run task
[2024-06-13T04:47:05.017+0000] {standard_task_runner.py:82} INFO - Running: ['***', 'tasks', 'run', 'tourism_data_pipeline', 'get_data_from_API', 'scheduled__2023-12-31T15:00:00+00:00', '--job-id', '4', '--raw', '--subdir', 'DAGS_FOLDER/scraping-tourism-API.py', '--cfg-path', '/tmp/tmp4h28_6hi']
[2024-06-13T04:47:05.029+0000] {standard_task_runner.py:83} INFO - Job 4: Subtask get_data_from_API
[2024-06-13T04:47:05.763+0000] {task_command.py:388} INFO - Running <TaskInstance: tourism_data_pipeline.get_data_from_API scheduled__2023-12-31T15:00:00+00:00 [running]> on host 557189db82cf
[2024-06-13T04:47:05.911+0000] {taskinstance.py:1507} INFO - Exporting the following env vars:
AIRFLOW_CTX_DAG_OWNER=sangmin
AIRFLOW_CTX_DAG_ID=tourism_data_pipeline
AIRFLOW_CTX_TASK_ID=get_data_from_API
AIRFLOW_CTX_EXECUTION_DATE=2023-12-31T15:00:00+00:00
AIRFLOW_CTX_TRY_NUMBER=1
AIRFLOW_CTX_DAG_RUN_ID=scheduled__2023-12-31T15:00:00+00:00
[2024-06-13T04:47:05.917+0000] {warnings.py:109} WARNING - /home/***/.local/lib/python3.8/site-packages/***/utils/context.py:313: AirflowContextDeprecationWarning: Accessing 'execution_date' from the template is deprecated and will be removed in a future version. Please use 'data_interval_start' or 'logical_date' instead.
  warnings.warn(_create_deprecation_warning(k, replacements))

[2024-06-13T04:47:07.648+0000] {logging_mixin.py:137} INFO - Scraping 1 page from API
[2024-06-13T04:47:07.654+0000] {logging_mixin.py:137} INFO - Done
[2024-06-13T04:47:08.269+0000] {logging_mixin.py:137} INFO - Done Scraping
[2024-06-13T04:47:08.311+0000] {python.py:177} INFO - Done. Returned value was: None
[2024-06-13T04:47:08.335+0000] {taskinstance.py:1318} INFO - Marking task as SUCCESS. dag_id=tourism_data_pipeline, task_id=get_data_from_API, execution_date=20231231T150000, start_date=20240613T044704, end_date=20240613T044708
[2024-06-13T04:47:08.407+0000] {local_task_job.py:208} INFO - Task exited with return code 0
[2024-06-13T04:47:08.444+0000] {taskinstance.py:2578} INFO - 1 downstream tasks scheduled from follow-on schedule check
