[2024-06-13T06:23:16.189+0000] {taskinstance.py:1083} INFO - Dependencies all met for <TaskInstance: tourism_data_pipeline.get_csv_from_s3 scheduled__2024-06-13T06:22:00+00:00 [queued]>
[2024-06-13T06:23:16.239+0000] {taskinstance.py:1083} INFO - Dependencies all met for <TaskInstance: tourism_data_pipeline.get_csv_from_s3 scheduled__2024-06-13T06:22:00+00:00 [queued]>
[2024-06-13T06:23:16.240+0000] {taskinstance.py:1279} INFO - 
--------------------------------------------------------------------------------
[2024-06-13T06:23:16.240+0000] {taskinstance.py:1280} INFO - Starting attempt 1 of 1
[2024-06-13T06:23:16.240+0000] {taskinstance.py:1281} INFO - 
--------------------------------------------------------------------------------
[2024-06-13T06:23:16.300+0000] {taskinstance.py:1300} INFO - Executing <Task(PythonOperator): get_csv_from_s3> on 2024-06-13 06:22:00+00:00
[2024-06-13T06:23:16.327+0000] {standard_task_runner.py:55} INFO - Started process 3987 to run task
[2024-06-13T06:23:16.346+0000] {standard_task_runner.py:82} INFO - Running: ['***', 'tasks', 'run', 'tourism_data_pipeline', 'get_csv_from_s3', 'scheduled__2024-06-13T06:22:00+00:00', '--job-id', '30', '--raw', '--subdir', 'DAGS_FOLDER/scraping-tourism-API.py', '--cfg-path', '/tmp/tmp8hcml340']
[2024-06-13T06:23:16.358+0000] {standard_task_runner.py:83} INFO - Job 30: Subtask get_csv_from_s3
[2024-06-13T06:23:17.454+0000] {task_command.py:388} INFO - Running <TaskInstance: tourism_data_pipeline.get_csv_from_s3 scheduled__2024-06-13T06:22:00+00:00 [running]> on host 557189db82cf
[2024-06-13T06:23:17.695+0000] {taskinstance.py:1507} INFO - Exporting the following env vars:
AIRFLOW_CTX_DAG_OWNER=sangmin
AIRFLOW_CTX_DAG_ID=tourism_data_pipeline
AIRFLOW_CTX_TASK_ID=get_csv_from_s3
AIRFLOW_CTX_EXECUTION_DATE=2024-06-13T06:22:00+00:00
AIRFLOW_CTX_TRY_NUMBER=1
AIRFLOW_CTX_DAG_RUN_ID=scheduled__2024-06-13T06:22:00+00:00
[2024-06-13T06:23:17.696+0000] {logging_mixin.py:137} INFO - Connect S3
[2024-06-13T06:23:17.697+0000] {logging_mixin.py:137} INFO - Done
[2024-06-13T06:23:17.697+0000] {logging_mixin.py:137} INFO - Get csv file from S3
[2024-06-13T06:23:17.736+0000] {base.py:73} INFO - Using connection ID 'dev-3-2-bucket' for task execution.
[2024-06-13T06:23:17.737+0000] {connection_wrapper.py:334} INFO - AWS Connection (conn_id='dev-3-2-bucket', conn_type='aws') credentials retrieved from login and password.
[2024-06-13T06:23:18.311+0000] {logging_mixin.py:137} INFO - Done
[2024-06-13T06:23:18.413+0000] {python.py:177} INFO - Done. Returned value was: None
[2024-06-13T06:23:18.444+0000] {taskinstance.py:1318} INFO - Marking task as SUCCESS. dag_id=tourism_data_pipeline, task_id=get_csv_from_s3, execution_date=20240613T062200, start_date=20240613T062316, end_date=20240613T062318
[2024-06-13T06:23:18.563+0000] {local_task_job.py:208} INFO - Task exited with return code 0
[2024-06-13T06:23:18.688+0000] {taskinstance.py:2578} INFO - 0 downstream tasks scheduled from follow-on schedule check
