[2024-06-13T06:23:16.341+0000] {taskinstance.py:1083} INFO - Dependencies all met for <TaskInstance: tourism_data_pipeline.get_data_from_API scheduled__2024-06-13T06:22:00+00:00 [queued]>
[2024-06-13T06:23:16.368+0000] {taskinstance.py:1083} INFO - Dependencies all met for <TaskInstance: tourism_data_pipeline.get_data_from_API scheduled__2024-06-13T06:22:00+00:00 [queued]>
[2024-06-13T06:23:16.369+0000] {taskinstance.py:1279} INFO - 
--------------------------------------------------------------------------------
[2024-06-13T06:23:16.369+0000] {taskinstance.py:1280} INFO - Starting attempt 1 of 1
[2024-06-13T06:23:16.369+0000] {taskinstance.py:1281} INFO - 
--------------------------------------------------------------------------------
[2024-06-13T06:23:16.423+0000] {taskinstance.py:1300} INFO - Executing <Task(PythonOperator): get_data_from_API> on 2024-06-13 06:22:00+00:00
[2024-06-13T06:23:16.448+0000] {standard_task_runner.py:55} INFO - Started process 3988 to run task
[2024-06-13T06:23:16.479+0000] {standard_task_runner.py:82} INFO - Running: ['***', 'tasks', 'run', 'tourism_data_pipeline', 'get_data_from_API', 'scheduled__2024-06-13T06:22:00+00:00', '--job-id', '31', '--raw', '--subdir', 'DAGS_FOLDER/scraping-tourism-API.py', '--cfg-path', '/tmp/tmpf3bl4ziu']
[2024-06-13T06:23:16.492+0000] {standard_task_runner.py:83} INFO - Job 31: Subtask get_data_from_API
[2024-06-13T06:23:17.661+0000] {task_command.py:388} INFO - Running <TaskInstance: tourism_data_pipeline.get_data_from_API scheduled__2024-06-13T06:22:00+00:00 [running]> on host 557189db82cf
[2024-06-13T06:23:17.923+0000] {taskinstance.py:1507} INFO - Exporting the following env vars:
AIRFLOW_CTX_DAG_OWNER=sangmin
AIRFLOW_CTX_DAG_ID=tourism_data_pipeline
AIRFLOW_CTX_TASK_ID=get_data_from_API
AIRFLOW_CTX_EXECUTION_DATE=2024-06-13T06:22:00+00:00
AIRFLOW_CTX_TRY_NUMBER=1
AIRFLOW_CTX_DAG_RUN_ID=scheduled__2024-06-13T06:22:00+00:00
[2024-06-13T06:23:17.935+0000] {warnings.py:109} WARNING - /home/***/.local/lib/python3.8/site-packages/***/utils/context.py:313: AirflowContextDeprecationWarning: Accessing 'execution_date' from the template is deprecated and will be removed in a future version. Please use 'data_interval_start' or 'logical_date' instead.
  warnings.warn(_create_deprecation_warning(k, replacements))

[2024-06-13T06:23:18.085+0000] {taskinstance.py:1768} ERROR - Task failed with exception
Traceback (most recent call last):
  File "/opt/airflow/dags/scraping-tourism-API.py", line 112, in get_data_from_API
    raise Exception(error_message)
Exception: Tourism API does not have data in 20240613 ~ 20240613


During handling of the above exception, another exception occurred:

Traceback (most recent call last):
  File "/home/airflow/.local/lib/python3.8/site-packages/airflow/operators/python.py", line 175, in execute
    return_value = self.execute_callable()
  File "/home/airflow/.local/lib/python3.8/site-packages/airflow/operators/python.py", line 192, in execute_callable
    return self.python_callable(*self.op_args, **self.op_kwargs)
  File "/opt/airflow/dags/scraping-tourism-API.py", line 130, in get_data_from_API
    raise Exception(error_message)
Exception: dag_id : tourism_data_pipeline
task : get_data_from_API
Error : API Data Processing Error
Comment : Tourism API does not have data in 20240613 ~ 20240613

[2024-06-13T06:23:18.106+0000] {taskinstance.py:1318} INFO - Marking task as FAILED. dag_id=tourism_data_pipeline, task_id=get_data_from_API, execution_date=20240613T062200, start_date=20240613T062316, end_date=20240613T062318
[2024-06-13T06:23:18.547+0000] {standard_task_runner.py:100} ERROR - Failed to execute job 31 for task get_data_from_API (dag_id : tourism_data_pipeline
task : get_data_from_API
Error : API Data Processing Error
Comment : Tourism API does not have data in 20240613 ~ 20240613
; 3988)
[2024-06-13T06:23:18.627+0000] {local_task_job.py:208} INFO - Task exited with return code 1
[2024-06-13T06:23:19.171+0000] {taskinstance.py:2578} INFO - 0 downstream tasks scheduled from follow-on schedule check
