[2024-06-13T06:10:02.362+0000] {taskinstance.py:1083} INFO - Dependencies all met for <TaskInstance: tourism_data_pipeline.get_csv_from_s3 scheduled__2024-06-13T06:00:00+00:00 [queued]>
[2024-06-13T06:10:02.381+0000] {taskinstance.py:1083} INFO - Dependencies all met for <TaskInstance: tourism_data_pipeline.get_csv_from_s3 scheduled__2024-06-13T06:00:00+00:00 [queued]>
[2024-06-13T06:10:02.382+0000] {taskinstance.py:1279} INFO - 
--------------------------------------------------------------------------------
[2024-06-13T06:10:02.382+0000] {taskinstance.py:1280} INFO - Starting attempt 1 of 1
[2024-06-13T06:10:02.382+0000] {taskinstance.py:1281} INFO - 
--------------------------------------------------------------------------------
[2024-06-13T06:10:02.407+0000] {taskinstance.py:1300} INFO - Executing <Task(PythonOperator): get_csv_from_s3> on 2024-06-13 06:00:00+00:00
[2024-06-13T06:10:02.419+0000] {standard_task_runner.py:55} INFO - Started process 3448 to run task
[2024-06-13T06:10:02.430+0000] {standard_task_runner.py:82} INFO - Running: ['***', 'tasks', 'run', 'tourism_data_pipeline', 'get_csv_from_s3', 'scheduled__2024-06-13T06:00:00+00:00', '--job-id', '28', '--raw', '--subdir', 'DAGS_FOLDER/scraping-tourism-API.py', '--cfg-path', '/tmp/tmpkw5oiwvo']
[2024-06-13T06:10:02.433+0000] {standard_task_runner.py:83} INFO - Job 28: Subtask get_csv_from_s3
[2024-06-13T06:10:03.012+0000] {task_command.py:388} INFO - Running <TaskInstance: tourism_data_pipeline.get_csv_from_s3 scheduled__2024-06-13T06:00:00+00:00 [running]> on host 557189db82cf
[2024-06-13T06:10:03.171+0000] {taskinstance.py:1507} INFO - Exporting the following env vars:
AIRFLOW_CTX_DAG_OWNER=sangmin
AIRFLOW_CTX_DAG_ID=tourism_data_pipeline
AIRFLOW_CTX_TASK_ID=get_csv_from_s3
AIRFLOW_CTX_EXECUTION_DATE=2024-06-13T06:00:00+00:00
AIRFLOW_CTX_TRY_NUMBER=1
AIRFLOW_CTX_DAG_RUN_ID=scheduled__2024-06-13T06:00:00+00:00
[2024-06-13T06:10:03.173+0000] {logging_mixin.py:137} INFO - Connect S3
[2024-06-13T06:10:03.173+0000] {logging_mixin.py:137} INFO - Done
[2024-06-13T06:10:03.173+0000] {logging_mixin.py:137} INFO - Get csv file from S3
[2024-06-13T06:10:03.195+0000] {base.py:73} INFO - Using connection ID 'dev-3-2-bucket' for task execution.
[2024-06-13T06:10:03.196+0000] {connection_wrapper.py:334} INFO - AWS Connection (conn_id='dev-3-2-bucket', conn_type='aws') credentials retrieved from login and password.
[2024-06-13T06:10:03.598+0000] {logging_mixin.py:137} INFO - Done
[2024-06-13T06:10:03.643+0000] {python.py:177} INFO - Done. Returned value was: None
[2024-06-13T06:10:03.663+0000] {taskinstance.py:1318} INFO - Marking task as SUCCESS. dag_id=tourism_data_pipeline, task_id=get_csv_from_s3, execution_date=20240613T060000, start_date=20240613T061002, end_date=20240613T061003
[2024-06-13T06:10:03.733+0000] {local_task_job.py:208} INFO - Task exited with return code 0
[2024-06-13T06:10:03.776+0000] {taskinstance.py:2578} INFO - 0 downstream tasks scheduled from follow-on schedule check
